Determining if the pthread_create exist failed with the following output:
Change Dir: /home/nvidia/catkin_ws/src/camultiplex/cmake-build-debug/CMakeFiles/CMakeTmp

Run Build Command(s):/usr/bin/make cmTC_55c56/fast 
/usr/bin/make -f CMakeFiles/cmTC_55c56.dir/build.make CMakeFiles/cmTC_55c56.dir/build
make[1]: Entering directory '/home/nvidia/catkin_ws/src/camultiplex/cmake-build-debug/CMakeFiles/CMakeTmp'
Building C object CMakeFiles/cmTC_55c56.dir/CheckSymbolExists.c.o
/usr/bin/cc    -o CMakeFiles/cmTC_55c56.dir/CheckSymbolExists.c.o   -c /home/nvidia/catkin_ws/src/camultiplex/cmake-build-debug/CMakeFiles/CMakeTmp/CheckSymbolExists.c
Linking C executable cmTC_55c56
/home/nvidia/Documents/clion-2019.2.1/bin/cmake/linux/bin/cmake -E cmake_link_script CMakeFiles/cmTC_55c56.dir/link.txt --verbose=1
/usr/bin/cc      -rdynamic CMakeFiles/cmTC_55c56.dir/CheckSymbolExists.c.o  -o cmTC_55c56 
CMakeFiles/cmTC_55c56.dir/CheckSymbolExists.c.o: In function `main':
CheckSymbolExists.c:(.text+0x16): undefined reference to `pthread_create'
collect2: error: ld returned 1 exit status
CMakeFiles/cmTC_55c56.dir/build.make:86: recipe for target 'cmTC_55c56' failed
make[1]: *** [cmTC_55c56] Error 1
make[1]: Leaving directory '/home/nvidia/catkin_ws/src/camultiplex/cmake-build-debug/CMakeFiles/CMakeTmp'
Makefile:121: recipe for target 'cmTC_55c56/fast' failed
make: *** [cmTC_55c56/fast] Error 2

File /home/nvidia/catkin_ws/src/camultiplex/cmake-build-debug/CMakeFiles/CMakeTmp/CheckSymbolExists.c:
/* */
#include <pthread.h>

int main(int argc, char** argv)
{
  (void)argv;
#ifndef pthread_create
  return ((int*)(&pthread_create))[argc];
#else
  (void)argc;
  return 0;
#endif
}

Determining if the function pthread_create exists in the pthreads failed with the following output:
Change Dir: /home/nvidia/catkin_ws/src/camultiplex/cmake-build-debug/CMakeFiles/CMakeTmp

Run Build Command(s):/usr/bin/make cmTC_b638f/fast 
/usr/bin/make -f CMakeFiles/cmTC_b638f.dir/build.make CMakeFiles/cmTC_b638f.dir/build
make[1]: Entering directory '/home/nvidia/catkin_ws/src/camultiplex/cmake-build-debug/CMakeFiles/CMakeTmp'
Building C object CMakeFiles/cmTC_b638f.dir/CheckFunctionExists.c.o
/usr/bin/cc   -DCHECK_FUNCTION_EXISTS=pthread_create   -o CMakeFiles/cmTC_b638f.dir/CheckFunctionExists.c.o   -c /home/nvidia/Documents/clion-2019.2.1/bin/cmake/linux/share/cmake-3.14/Modules/CheckFunctionExists.c
Linking C executable cmTC_b638f
/home/nvidia/Documents/clion-2019.2.1/bin/cmake/linux/bin/cmake -E cmake_link_script CMakeFiles/cmTC_b638f.dir/link.txt --verbose=1
/usr/bin/cc  -DCHECK_FUNCTION_EXISTS=pthread_create    -rdynamic CMakeFiles/cmTC_b638f.dir/CheckFunctionExists.c.o  -o cmTC_b638f -lpthreads 
/usr/bin/ld: cannot find -lpthreads
collect2: error: ld returned 1 exit status
CMakeFiles/cmTC_b638f.dir/build.make:86: recipe for target 'cmTC_b638f' failed
make[1]: *** [cmTC_b638f] Error 1
make[1]: Leaving directory '/home/nvidia/catkin_ws/src/camultiplex/cmake-build-debug/CMakeFiles/CMakeTmp'
Makefile:121: recipe for target 'cmTC_b638f/fast' failed
make: *** [cmTC_b638f/fast] Error 2


